# JRE version: OpenJDK Runtime Environment (8.0_202-b03) (build 1.8.0_202-release-1483-b03)
# Java VM: OpenJDK 64-Bit Server VM (25.202-b03 mixed mode windows-amd64 compressed oops)
Heap:
 PSYoungGen      total 130048K, used 76399K [0x00000000f5580000, 0x00000000ffb00000, 0x0000000100000000)
  eden space 90112K, 74% used [0x00000000f5580000,0x00000000f96c35d0,0x00000000fad80000)
  from space 39936K, 23% used [0x00000000fd400000,0x00000000fdd58820,0x00000000ffb00000)
  to   space 39424K, 0% used [0x00000000fad80000,0x00000000fad80000,0x00000000fd400000)
 ParOldGen       total 349696K, used 307844K [0x00000000e0000000, 0x00000000f5580000, 0x00000000f5580000)
  object space 349696K, 88% used [0x00000000e0000000,0x00000000f2ca10c8,0x00000000f5580000)
 Metaspace       used 87508K, capacity 91026K, committed 91096K, reserved 1128448K
  class space    used 11246K, capacity 11984K, committed 12032K, reserved 1048576K
GC Heap History (10 events):
Event: 3159.336 GC heap before
{Heap before GC invocations=42 (full 4):
 PSYoungGen      total 79872K, used 73044K [0x00000000f5580000, 0x00000000ff800000, 0x0000000100000000)
  eden space 68096K, 90% used [0x00000000f5580000,0x00000000f9196b78,0x00000000f9800000)
  from space 11776K, 97% used [0x00000000f9800000,0x00000000fa33e530,0x00000000fa380000)
  to   space 49152K, 0% used [0x00000000fc800000,0x00000000fc800000,0x00000000ff800000)
 ParOldGen       total 349696K, used 286795K [0x00000000e0000000, 0x00000000f5580000, 0x00000000f5580000)
  object space 349696K, 82% used [0x00000000e0000000,0x00000000f1812c18,0x00000000f5580000)
 Metaspace       used 87014K, capacity 90262K, committed 90456K, reserved 1128448K
  class space    used 11200K, capacity 11894K, committed 11904K, reserved 1048576K
Event: 3159.423 GC heap after
Heap after GC invocations=42 (full 4):
 PSYoungGen      total 119296K, used 9680K [0x00000000f5580000, 0x0000000100000000, 0x0000000100000000)
  eden space 70144K, 0% used [0x00000000f5580000,0x00000000f5580000,0x00000000f9a00000)
  from space 49152K, 19% used [0x00000000fc800000,0x00000000fd174120,0x00000000ff800000)
  to   space 47104K, 0% used [0x00000000f9a00000,0x00000000f9a00000,0x00000000fc800000)
 ParOldGen       total 349696K, used 298179K [0x00000000e0000000, 0x00000000f5580000, 0x00000000f5580000)
  object space 349696K, 85% used [0x00000000e0000000,0x00000000f2330c28,0x00000000f5580000)
 Metaspace       used 87014K, capacity 90262K, committed 90456K, reserved 1128448K
  class space    used 11200K, capacity 11894K, committed 11904K, reserved 1048576K
}
Event: 3159.538 GC heap before
{Heap before GC invocations=43 (full 4):
 PSYoungGen      total 119296K, used 79824K [0x00000000f5580000, 0x0000000100000000, 0x0000000100000000)
  eden space 70144K, 100% used [0x00000000f5580000,0x00000000f9a00000,0x00000000f9a00000)
  from space 49152K, 19% used [0x00000000fc800000,0x00000000fd174120,0x00000000ff800000)
  to   space 47104K, 0% used [0x00000000f9a00000,0x00000000f9a00000,0x00000000fc800000)
 ParOldGen       total 349696K, used 298187K [0x00000000e0000000, 0x00000000f5580000, 0x00000000f5580000)
  object space 349696K, 85% used [0x00000000e0000000,0x00000000f2332c38,0x00000000f5580000)
 Metaspace       used 87035K, capacity 90262K, committed 90456K, reserved 1128448K
  class space    used 11200K, capacity 11894K, committed 11904K, reserved 1048576K
Event: 3159.545 GC heap after
Heap after GC invocations=43 (full 4):
 PSYoungGen      total 117248K, used 15109K [0x00000000f5580000, 0x00000000ff800000, 0x0000000100000000)
  eden space 70144K, 0% used [0x00000000f5580000,0x00000000f5580000,0x00000000f9a00000)
  from space 47104K, 32% used [0x00000000f9a00000,0x00000000fa8c1700,0x00000000fc800000)
  to   space 44032K, 0% used [0x00000000fcd00000,0x00000000fcd00000,0x00000000ff800000)
 ParOldGen       total 349696K, used 299605K [0x00000000e0000000, 0x00000000f5580000, 0x00000000f5580000)
  object space 349696K, 85% used [0x00000000e0000000,0x00000000f2495778,0x00000000f5580000)
 Metaspace       used 87035K, capacity 90262K, committed 90456K, reserved 1128448K
  class space    used 11200K, capacity 11894K, committed 11904K, reserved 1048576K
}
Event: 3239.517 GC heap before
{Heap before GC invocations=44 (full 4):
 PSYoungGen      total 117248K, used 85253K [0x00000000f5580000, 0x00000000ff800000, 0x0000000100000000)
  eden space 70144K, 100% used [0x00000000f5580000,0x00000000f9a00000,0x00000000f9a00000)
  from space 47104K, 32% used [0x00000000f9a00000,0x00000000fa8c1700,0x00000000fc800000)
  to   space 44032K, 0% used [0x00000000fcd00000,0x00000000fcd00000,0x00000000ff800000)
 ParOldGen       total 349696K, used 299624K [0x00000000e0000000, 0x00000000f5580000, 0x00000000f5580000)
  object space 349696K, 85% used [0x00000000e0000000,0x00000000f249a3f0,0x00000000f5580000)
 Metaspace       used 87214K, capacity 90552K, committed 90840K, reserved 1128448K
  class space    used 11215K, capacity 11921K, committed 12032K, reserved 1048576K
Event: 3239.554 GC heap after
Heap after GC invocations=44 (full 4):
 PSYoungGen      total 123904K, used 6447K [0x00000000f5580000, 0x00000000ffa00000, 0x0000000100000000)
  eden space 79872K, 0% used [0x00000000f5580000,0x00000000f5580000,0x00000000fa380000)
  from space 44032K, 14% used [0x00000000fcd00000,0x00000000fd34be60,0x00000000ff800000)
  to   space 42496K, 0% used [0x00000000fa380000,0x00000000fa380000,0x00000000fcd00000)
 ParOldGen       total 349696K, used 300569K [0x00000000e0000000, 0x00000000f5580000, 0x00000000f5580000)
  object space 349696K, 85% used [0x00000000e0000000,0x00000000f2586778,0x00000000f5580000)
 Metaspace       used 87214K, capacity 90552K, committed 90840K, reserved 1128448K
  class space    used 11215K, capacity 11921K, committed 12032K, reserved 1048576K
}
Event: 3245.318 GC heap before
{Heap before GC invocations=45 (full 4):
 PSYoungGen      total 123904K, used 86319K [0x00000000f5580000, 0x00000000ffa00000, 0x0000000100000000)
  eden space 79872K, 100% used [0x00000000f5580000,0x00000000fa380000,0x00000000fa380000)
  from space 44032K, 14% used [0x00000000fcd00000,0x00000000fd34be60,0x00000000ff800000)
  to   space 42496K, 0% used [0x00000000fa380000,0x00000000fa380000,0x00000000fcd00000)
 ParOldGen       total 349696K, used 300569K [0x00000000e0000000, 0x00000000f5580000, 0x00000000f5580000)
  object space 349696K, 85% used [0x00000000e0000000,0x00000000f2586778,0x00000000f5580000)
 Metaspace       used 87314K, capacity 90692K, committed 90840K, reserved 1128448K
  class space    used 11217K, capacity 11923K, committed 12032K, reserved 1048576K
Event: 3245.360 GC heap after
Heap after GC invocations=45 (full 4):
 PSYoungGen      total 122368K, used 3920K [0x00000000f5580000, 0x00000000ffc80000, 0x0000000100000000)
  eden space 79872K, 0% used [0x00000000f5580000,0x00000000f5580000,0x00000000fa380000)
  from space 42496K, 9% used [0x00000000fa380000,0x00000000fa754050,0x00000000fcd00000)
  to   space 41472K, 0% used [0x00000000fd400000,0x00000000fd400000,0x00000000ffc80000)
 ParOldGen       total 349696K, used 306231K [0x00000000e0000000, 0x00000000f5580000, 0x00000000f5580000)
  object space 349696K, 87% used [0x00000000e0000000,0x00000000f2b0dfd0,0x00000000f5580000)
 Metaspace       used 87314K, capacity 90692K, committed 90840K, reserved 1128448K
  class space    used 11217K, capacity 11923K, committed 12032K, reserved 1048576K
}
Event: 3247.873 GC heap before
{Heap before GC invocations=46 (full 4):
 PSYoungGen      total 122368K, used 75673K [0x00000000f5580000, 0x00000000ffc80000, 0x0000000100000000)
  eden space 79872K, 89% used [0x00000000f5580000,0x00000000f9b926b8,0x00000000fa380000)
  from space 42496K, 9% used [0x00000000fa380000,0x00000000fa754050,0x00000000fcd00000)
  to   space 41472K, 0% used [0x00000000fd400000,0x00000000fd400000,0x00000000ffc80000)
 ParOldGen       total 349696K, used 306231K [0x00000000e0000000, 0x00000000f5580000, 0x00000000f5580000)
  object space 349696K, 87% used [0x00000000e0000000,0x00000000f2b0dfd0,0x00000000f5580000)
 Metaspace       used 87350K, capacity 90734K, committed 90840K, reserved 1128448K
  class space    used 11220K, capacity 11930K, committed 12032K, reserved 1048576K
Event: 3247.903 GC heap after
Heap after GC invocations=46 (full 4):
 PSYoungGen      total 130048K, used 9570K [0x00000000f5580000, 0x00000000ffb00000, 0x0000000100000000)
  eden space 90112K, 0% used [0x00000000f5580000,0x00000000f5580000,0x00000000fad80000)
  from space 39936K, 23% used [0x00000000fd400000,0x00000000fdd58820,0x00000000ffb00000)
  to   space 39424K, 0% used [0x00000000fad80000,0x00000000fad80000,0x00000000fd400000)
 ParOldGen       total 349696K, used 307844K [0x00000000e0000000, 0x00000000f5580000, 0x00000000f5580000)
  object space 349696K, 88% used [0x00000000e0000000,0x00000000f2ca10c8,0x00000000f5580000)
 Metaspace       used 87350K, capacity 90734K, committed 90840K, reserved 1128448K
  class space    used 11220K, capacity 11930K, committed 12032K, reserved 1048576K
}

